
> ai-scrum-tasks@0.1.0 test:e2e:ci
> PLAYWRIGHT_WEB_SERVER_MODE=prod PLAYWRIGHT_HEADLESS=1 PLAYWRIGHT_JSON_REPORT=playwright-report/results.json node scripts/run-e2e-local.mjs trip_plan.spec.ts


> ai-scrum-tasks@0.1.0 build
> next build

  ▲ Next.js 14.2.32

   Creating an optimized production build ...
 ✓ Compiled successfully
   Linting and checking validity of types ...
   Collecting page data ...
   Generating static pages (0/7) ...
   Generating static pages (1/7) 
   Generating static pages (3/7) 
   Generating static pages (5/7) 
 ✓ Generating static pages (7/7)
   Finalizing page optimization ...
   Collecting build traces ...

Route (app)                              Size     First Load JS
┌ ○ /                                    1.27 kB        88.4 kB
├ ○ /_not-found                          875 B            88 kB
├ ƒ /api/plan                            0 B                0 B
├ ƒ /api/tasks                           0 B                0 B
├ ƒ /api/tasks/[id]                      0 B                0 B
└ ○ /trip                                1.34 kB        88.4 kB
+ First Load JS shared by all            87.1 kB
  ├ chunks/117-5d6c1b601dfd2ba9.js       31.6 kB
  ├ chunks/fd9d1056-9f91b5e418130764.js  53.7 kB
  └ other shared chunks (total)          1.85 kB


○  (Static)   prerendered as static content
ƒ  (Dynamic)  server-rendered on demand


> ai-scrum-tasks@0.1.0 start
> next start -p $PORT

  ▲ Next.js 14.2.32
  - Local:        http://localhost:55331

 ✓ Starting...
 ✓ Ready in 121ms

Running 2 tests using 1 worker

[1A[2K[1/2] [chromium] › tests/e2e/trip_plan.spec.ts:4:3 › Trip Planner (Itinerary) MVP › happy path: generate itinerary within 3s and render in result region
[1A[2K[2/2] [chromium] › tests/e2e/trip_plan.spec.ts:24:3 › Trip Planner (Itinerary) MVP › validation errors surfaced near fields
[1A[2K  2 passed (1.2s)

To open last HTML report run:
[36m[39m
[36m  npx playwright show-report[39m
[36m[39m
