
Running 14 tests using 1 worker

[1A[2K[1/14] [chromium] › tests/e2e/tda_api.spec.ts:15:3 › Tasks API acceptance › [AC: TDA-001-AC1] POST /api/tasks trims title and returns task meta
[1A[2K[2/14] [chromium] › tests/e2e/tda_api.spec.ts:36:3 › Tasks API acceptance › [AC: TDA-001-AC2] POST /api/tasks rejects blank titles with 400 TITLE_REQUIRED
[1A[2K[3/14] [chromium] › tests/e2e/tda_api.spec.ts:50:3 › Tasks API acceptance › [AC: TDA-002-AC1] GET /api/tasks returns task array with expected schema and order
[1A[2K[4/14] [chromium] › tests/e2e/tda_api.spec.ts:78:3 › Tasks API acceptance › [AC: TDA-003-AC1] PATCH /api/tasks/:id updates done flag per request
[1A[2K[5/14] [chromium] › tests/e2e/tda_api.spec.ts:101:3 › Tasks API acceptance › [AC: TDA-003-AC2] PATCH /api/tasks/:id requires boolean done
[1A[2K[6/14] [chromium] › tests/e2e/tda_api.spec.ts:114:3 › Tasks API acceptance › [AC: TDA-003-AC4] PATCH non-existent task returns 404 TASK_NOT_FOUND
[1A[2K[7/14] [chromium] › tests/e2e/tda_api.spec.ts:125:3 › Tasks API acceptance › [AC: TDA-004-AC1] DELETE /api/tasks/:id removes task and returns ok:true
[1A[2K[8/14] [chromium] › tests/e2e/tda_api.spec.ts:139:3 › Tasks API acceptance › [AC: TDA-004-AC3] DELETE non-existent task returns 404 TASK_NOT_FOUND
[1A[2K[9/14] [chromium] › tests/e2e/tda_ui.spec.ts:15:3 › Tasks UI acceptance › [AC: TDA-001-AC3] Newly created task appears at top unchecked
[1A[2K[10/14] [chromium] › tests/e2e/tda_ui.spec.ts:28:3 › Tasks UI acceptance › [AC: TDA-002-AC2] Tasks render newest first in list region
[1A[2K[11/14] [chromium] › tests/e2e/tda_ui.spec.ts:41:3 › Tasks UI acceptance › [AC: TDA-002-AC3] Empty state shows accessible message when no tasks
[1A[2K[12/14] [chromium] › tests/e2e/tda_ui.spec.ts:49:3 › Tasks UI acceptance › [AC: TDA-003-AC3] Checkbox toggle updates UI without navigation
[1A[2K[13/14] [chromium] › tests/e2e/tda_ui.spec.ts:67:3 › Tasks UI acceptance › [AC: TDA-004-AC2] Delete button removes row inline without reload
[1A[2K[14/14] [chromium] › tests/e2e/tda_ui.spec.ts:87:3 › Tasks UI acceptance › [AC: TDA-016] Blank title surfaces TITLE_REQUIRED alert beside input
[1A[2K  14 passed (3.2s)

To open last HTML report run:
[36m[39m
[36m  npx playwright show-report[39m
[36m[39m
